[      82ms] [ERROR] Failed to load resource: the server responded with a status of 404 (Not Found) @ http://localhost:8100/api/auth/me:0
[      83ms] [ERROR] WebSocket connection to 'ws://localhost:8100/ws/notifications?token=dummy-token-for-qa' failed: Error during WebSocket handshake: Unexpected response code: 404 @ http://localhost:3199/_next/static/chunks/_486ed77a._.js:1083
[     151ms] [ERROR] Failed to load resource: the server responded with a status of 404 (Not Found) @ http://localhost:8100/api/auth/me:0
[     153ms] [ERROR] WebSocket connection to 'ws://localhost:8100/ws/notifications?token=dummy-token-for-qa' failed: Error during WebSocket handshake: Unexpected response code: 404 @ http://localhost:3199/_next/static/chunks/_486ed77a._.js:1083
[    5249ms] [ERROR] WebSocket connection to 'ws://localhost:8100/ws/notifications?token=dummy-token-for-qa' failed: Error during WebSocket handshake: Unexpected response code: 404 @ http://localhost:3199/_next/static/chunks/_486ed77a._.js:1083
[   10312ms] [ERROR] WebSocket connection to 'ws://localhost:8100/ws/notifications?token=dummy-token-for-qa' failed: Error during WebSocket handshake: Unexpected response code: 404 @ http://localhost:3199/_next/static/chunks/_486ed77a._.js:1083
[   15430ms] [ERROR] WebSocket connection to 'ws://localhost:8100/ws/notifications?token=dummy-token-for-qa' failed: Error during WebSocket handshake: Unexpected response code: 404 @ http://localhost:3199/_next/static/chunks/_486ed77a._.js:1083
[   20442ms] [ERROR] WebSocket connection to 'ws://localhost:8100/ws/notifications?token=dummy-token-for-qa' failed: Error during WebSocket handshake: Unexpected response code: 404 @ http://localhost:3199/_next/static/chunks/_486ed77a._.js:1083
[   25596ms] [ERROR] WebSocket connection to 'ws://localhost:8100/ws/notifications?token=dummy-token-for-qa' failed: Error during WebSocket handshake: Unexpected response code: 404 @ http://localhost:3199/_next/static/chunks/_486ed77a._.js:1083
[   30737ms] [ERROR] WebSocket connection to 'ws://localhost:8100/ws/notifications?token=dummy-token-for-qa' failed: Error during WebSocket handshake: Unexpected response code: 404 @ http://localhost:3199/_next/static/chunks/_486ed77a._.js:1083
[   35746ms] [ERROR] WebSocket connection to 'ws://localhost:8100/ws/notifications?token=dummy-token-for-qa' failed: Error during WebSocket handshake: Unexpected response code: 404 @ http://localhost:3199/_next/static/chunks/_486ed77a._.js:1083
[   40757ms] [ERROR] WebSocket connection to 'ws://localhost:8100/ws/notifications?token=dummy-token-for-qa' failed: Error during WebSocket handshake: Unexpected response code: 404 @ http://localhost:3199/_next/static/chunks/_486ed77a._.js:1083
[   45764ms] [ERROR] WebSocket connection to 'ws://localhost:8100/ws/notifications?token=dummy-token-for-qa' failed: Error during WebSocket handshake: Unexpected response code: 404 @ http://localhost:3199/_next/static/chunks/_486ed77a._.js:1083
[   50779ms] [ERROR] WebSocket connection to 'ws://localhost:8100/ws/notifications?token=dummy-token-for-qa' failed: Error during WebSocket handshake: Unexpected response code: 404 @ http://localhost:3199/_next/static/chunks/_486ed77a._.js:1083
[   55799ms] [ERROR] WebSocket connection to 'ws://localhost:8100/ws/notifications?token=dummy-token-for-qa' failed: Error during WebSocket handshake: Unexpected response code: 404 @ http://localhost:3199/_next/static/chunks/_486ed77a._.js:1083
[   59376ms] [ERROR] WebSocket connection to 'ws://localhost:8100/ws/notifications?token=dummy-token-for-qa' failed: Error during WebSocket handshake: Unexpected response code: 404 @ http://localhost:3199/_next/static/chunks/_486ed77a._.js:1083
[   59392ms] [ERROR] Failed to load resource: the server responded with a status of 400 (Bad Request) @ http://localhost:8100/api/projects/1/sprint/active:0
[   59392ms] [ERROR] Failed to load resource: the server responded with a status of 400 (Bad Request) @ http://localhost:8100/api/projects/1/sprint/active:0
[   64430ms] [ERROR] WebSocket connection to 'ws://localhost:8100/ws/notifications?token=dummy-token-for-qa' failed: Error during WebSocket handshake: Unexpected response code: 404 @ http://localhost:3199/_next/static/chunks/_486ed77a._.js:1083
[   69484ms] [ERROR] WebSocket connection to 'ws://localhost:8100/ws/notifications?token=dummy-token-for-qa' failed: Error during WebSocket handshake: Unexpected response code: 404 @ http://localhost:3199/_next/static/chunks/_486ed77a._.js:1083
[   74606ms] [ERROR] WebSocket connection to 'ws://localhost:8100/ws/notifications?token=dummy-token-for-qa' failed: Error during WebSocket handshake: Unexpected response code: 404 @ http://localhost:3199/_next/static/chunks/_486ed77a._.js:1083
[   79656ms] [ERROR] WebSocket connection to 'ws://localhost:8100/ws/notifications?token=dummy-token-for-qa' failed: Error during WebSocket handshake: Unexpected response code: 404 @ http://localhost:3199/_next/static/chunks/_486ed77a._.js:1083
[   83137ms] TypeError: Cannot read properties of undefined (reading 'find')
    at ProjectDetailPage (http://localhost:3199/_next/static/chunks/src_99cd6499._.js:2483:47)
    at Object.react_stack_bottom_frame (http://localhost:3199/_next/static/chunks/node_modules_next_dist_compiled_react-dom_1e674e59._.js:14826:24)
    at renderWithHooks (http://localhost:3199/_next/static/chunks/node_modules_next_dist_compiled_react-dom_1e674e59._.js:4651:24)
    at updateFunctionComponent (http://localhost:3199/_next/static/chunks/node_modules_next_dist_compiled_react-dom_1e674e59._.js:6112:21)
    at beginWork (http://localhost:3199/_next/static/chunks/node_modules_next_dist_compiled_react-dom_1e674e59._.js:6708:24)
    at runWithFiberInDEV (http://localhost:3199/_next/static/chunks/node_modules_next_dist_compiled_react-dom_1e674e59._.js:965:74)
    at performUnitOfWork (http://localhost:3199/_next/static/chunks/node_modules_next_dist_compiled_react-dom_1e674e59._.js:9562:97)
    at workLoopSync (http://localhost:3199/_next/static/chunks/node_modules_next_dist_compiled_react-dom_1e674e59._.js:9456:40)
    at renderRootSync (http://localhost:3199/_next/static/chunks/node_modules_next_dist_compiled_react-dom_1e674e59._.js:9440:13)
    at performWorkOnRoot (http://localhost:3199/_next/static/chunks/node_modules_next_dist_compiled_react-dom_1e674e59._.js:9105:47)
    at performWorkOnRootViaSchedulerTask (http://localhost:3199/_next/static/chunks/node_modules_next_dist_compiled_react-dom_1e674e59._.js:10230:9)
    at MessagePort.performWorkUntilDeadline (http://localhost:3199/_next/static/chunks/node_modules_next_dist_compiled_a0e4c7b4._.js:2647:64)
[   83136ms] [ERROR] Failed to load resource: the server responded with a status of 400 (Bad Request) @ http://localhost:8100/api/tasks?project_id=1:0
[   83136ms] [ERROR] Failed to load resource: the server responded with a status of 400 (Bad Request) @ http://localhost:8100/api/projects/1/sprints:0
[   83136ms] [ERROR] Failed to load resource: the server responded with a status of 400 (Bad Request) @ http://localhost:8100/api/projects/1/sprint/active:0
[   83136ms] [ERROR] Failed to load resource: the server responded with a status of 400 (Bad Request) @ http://localhost:8100/api/tasks?project_id=1:0
[   83137ms] [ERROR] Failed to load resource: the server responded with a status of 400 (Bad Request) @ http://localhost:8100/api/projects/1/sprints:0
[   83137ms] [ERROR] Failed to load resource: the server responded with a status of 400 (Bad Request) @ http://localhost:8100/api/projects/1/sprint/active:0
[  108490ms] [ERROR] WebSocket connection to 'ws://localhost:8100/ws/notifications?token=dummy-token-for-qa' failed: Error during WebSocket handshake: Unexpected response code: 404 @ http://localhost:3199/_next/static/chunks/_486ed77a._.js:1083
[  108506ms] [ERROR] Failed to load resource: the server responded with a status of 400 (Bad Request) @ http://localhost:8100/api/projects/1/sprint/active:0
[  108509ms] [ERROR] Failed to load resource: the server responded with a status of 400 (Bad Request) @ http://localhost:8100/api/projects/1/sprint/active:0
[  113632ms] [ERROR] WebSocket connection to 'ws://localhost:8100/ws/notifications?token=dummy-token-for-qa' failed: Error during WebSocket handshake: Unexpected response code: 404 @ http://localhost:3199/_next/static/chunks/_486ed77a._.js:1083
[  118785ms] [ERROR] WebSocket connection to 'ws://localhost:8100/ws/notifications?token=dummy-token-for-qa' failed: Error during WebSocket handshake: Unexpected response code: 404 @ http://localhost:3199/_next/static/chunks/_486ed77a._.js:1083
[  123798ms] [ERROR] WebSocket connection to 'ws://localhost:8100/ws/notifications?token=dummy-token-for-qa' failed: Error during WebSocket handshake: Unexpected response code: 404 @ http://localhost:3199/_next/static/chunks/_486ed77a._.js:1083
[  128828ms] [ERROR] WebSocket connection to 'ws://localhost:8100/ws/notifications?token=dummy-token-for-qa' failed: Error during WebSocket handshake: Unexpected response code: 404 @ http://localhost:3199/_next/static/chunks/_486ed77a._.js:1083
[  130221ms] [WARNING] WebSocket connection to 'ws://localhost:8100/ws/sprints/s1?token=dummy-token-for-qa' failed: WebSocket is closed before the connection is established. @ http://localhost:3199/_next/static/chunks/src_99cd6499._.js:924
[  130230ms] [ERROR] Failed to load resource: the server responded with a status of 400 (Bad Request) @ http://localhost:8100/api/sprints/s1:0
[  130231ms] [ERROR] Failed to load resource: the server responded with a status of 400 (Bad Request) @ http://localhost:8100/api/sprints/s1:0
[  130308ms] [ERROR] WebSocket connection to 'ws://localhost:8100/ws/sprints/s1?token=dummy-token-for-qa' failed: Error during WebSocket handshake: Unexpected response code: 400 @ http://localhost:3199/_next/static/chunks/_486ed77a._.js:1068
[  133843ms] [ERROR] WebSocket connection to 'ws://localhost:8100/ws/notifications?token=dummy-token-for-qa' failed: Error during WebSocket handshake: Unexpected response code: 404 @ http://localhost:3199/_next/static/chunks/_486ed77a._.js:1083
[  138872ms] [ERROR] WebSocket connection to 'ws://localhost:8100/ws/notifications?token=dummy-token-for-qa' failed: Error during WebSocket handshake: Unexpected response code: 404 @ http://localhost:3199/_next/static/chunks/_486ed77a._.js:1083
[  143914ms] [ERROR] WebSocket connection to 'ws://localhost:8100/ws/notifications?token=dummy-token-for-qa' failed: Error during WebSocket handshake: Unexpected response code: 404 @ http://localhost:3199/_next/static/chunks/_486ed77a._.js:1083
[  144092ms] [ERROR] WebSocket connection to 'ws://localhost:8100/ws/notifications?token=dummy-token-for-qa' failed: Error during WebSocket handshake: Unexpected response code: 404 @ http://localhost:3199/_next/static/chunks/_486ed77a._.js:1083
[  144107ms] [ERROR] Failed to load resource: the server responded with a status of 400 (Bad Request) @ http://localhost:8100/api/projects/1/sprint/active:0
[  144109ms] [ERROR] Failed to load resource: the server responded with a status of 400 (Bad Request) @ http://localhost:8100/api/projects/1/sprint/active:0
[  149155ms] [ERROR] WebSocket connection to 'ws://localhost:8100/ws/notifications?token=dummy-token-for-qa' failed: Error during WebSocket handshake: Unexpected response code: 404 @ http://localhost:3199/_next/static/chunks/_486ed77a._.js:1083
[  154165ms] [ERROR] WebSocket connection to 'ws://localhost:8100/ws/notifications?token=dummy-token-for-qa' failed: Error during WebSocket handshake: Unexpected response code: 404 @ http://localhost:3199/_next/static/chunks/_486ed77a._.js:1083
[  156028ms] [WARNING] WebSocket connection to 'ws://localhost:8100/ws/sprints/s1?token=dummy-token-for-qa' failed: WebSocket is closed before the connection is established. @ http://localhost:3199/_next/static/chunks/src_99cd6499._.js:924
[  156118ms] [ERROR] WebSocket connection to 'ws://localhost:8100/ws/sprints/s1?token=dummy-token-for-qa' failed: Error during WebSocket handshake: Unexpected response code: 400 @ http://localhost:3199/_next/static/chunks/_486ed77a._.js:1068
[  159203ms] [ERROR] WebSocket connection to 'ws://localhost:8100/ws/notifications?token=dummy-token-for-qa' failed: Error during WebSocket handshake: Unexpected response code: 404 @ http://localhost:3199/_next/static/chunks/_486ed77a._.js:1083
[  164242ms] [ERROR] WebSocket connection to 'ws://localhost:8100/ws/notifications?token=dummy-token-for-qa' failed: Error during WebSocket handshake: Unexpected response code: 404 @ http://localhost:3199/_next/static/chunks/_486ed77a._.js:1083
[  169276ms] [ERROR] WebSocket connection to 'ws://localhost:8100/ws/notifications?token=dummy-token-for-qa' failed: Error during WebSocket handshake: Unexpected response code: 404 @ http://localhost:3199/_next/static/chunks/_486ed77a._.js:1083
[  174299ms] [ERROR] WebSocket connection to 'ws://localhost:8100/ws/notifications?token=dummy-token-for-qa' failed: Error during WebSocket handshake: Unexpected response code: 404 @ http://localhost:3199/_next/static/chunks/_486ed77a._.js:1083
[  179341ms] [ERROR] WebSocket connection to 'ws://localhost:8100/ws/notifications?token=dummy-token-for-qa' failed: Error during WebSocket handshake: Unexpected response code: 404 @ http://localhost:3199/_next/static/chunks/_486ed77a._.js:1083
[  184375ms] [ERROR] WebSocket connection to 'ws://localhost:8100/ws/notifications?token=dummy-token-for-qa' failed: Error during WebSocket handshake: Unexpected response code: 404 @ http://localhost:3199/_next/static/chunks/_486ed77a._.js:1083
[  189398ms] [ERROR] WebSocket connection to 'ws://localhost:8100/ws/notifications?token=dummy-token-for-qa' failed: Error during WebSocket handshake: Unexpected response code: 404 @ http://localhost:3199/_next/static/chunks/_486ed77a._.js:1083
[  194440ms] [ERROR] WebSocket connection to 'ws://localhost:8100/ws/notifications?token=dummy-token-for-qa' failed: Error during WebSocket handshake: Unexpected response code: 404 @ http://localhost:3199/_next/static/chunks/_486ed77a._.js:1083
[  199522ms] [ERROR] WebSocket connection to 'ws://localhost:8100/ws/notifications?token=dummy-token-for-qa' failed: Error during WebSocket handshake: Unexpected response code: 404 @ http://localhost:3199/_next/static/chunks/_486ed77a._.js:1083
[  204557ms] [ERROR] WebSocket connection to 'ws://localhost:8100/ws/notifications?token=dummy-token-for-qa' failed: Error during WebSocket handshake: Unexpected response code: 404 @ http://localhost:3199/_next/static/chunks/_486ed77a._.js:1083
[  209645ms] [ERROR] WebSocket connection to 'ws://localhost:8100/ws/notifications?token=dummy-token-for-qa' failed: Error during WebSocket handshake: Unexpected response code: 404 @ http://localhost:3199/_next/static/chunks/_486ed77a._.js:1083
[  214827ms] [ERROR] WebSocket connection to 'ws://localhost:8100/ws/notifications?token=dummy-token-for-qa' failed: Error during WebSocket handshake: Unexpected response code: 404 @ http://localhost:3199/_next/static/chunks/_486ed77a._.js:1083
[  219561ms] [ERROR] Failed to load resource: the server responded with a status of 400 (Bad Request) @ http://localhost:8100/api/projects/1/sprint/active:0
[  219565ms] [ERROR] Failed to load resource: the server responded with a status of 400 (Bad Request) @ http://localhost:8100/api/projects/1/sprint/active:0
[  219833ms] [ERROR] WebSocket connection to 'ws://localhost:8100/ws/notifications?token=dummy-token-for-qa' failed: Error during WebSocket handshake: Unexpected response code: 404 @ http://localhost:3199/_next/static/chunks/_486ed77a._.js:1083
[  221640ms] [WARNING] WebSocket connection to 'ws://localhost:8100/ws/sprints/s1?token=dummy-token-for-qa' failed: WebSocket is closed before the connection is established. @ http://localhost:3199/_next/static/chunks/src_99cd6499._.js:924
[  221711ms] [ERROR] WebSocket connection to 'ws://localhost:8100/ws/sprints/s1?token=dummy-token-for-qa' failed: Error during WebSocket handshake: Unexpected response code: 400 @ http://localhost:3199/_next/static/chunks/_486ed77a._.js:1068
[  224927ms] [ERROR] WebSocket connection to 'ws://localhost:8100/ws/notifications?token=dummy-token-for-qa' failed: Error during WebSocket handshake: Unexpected response code: 404 @ http://localhost:3199/_next/static/chunks/_486ed77a._.js:1083
[  230001ms] [ERROR] WebSocket connection to 'ws://localhost:8100/ws/notifications?token=dummy-token-for-qa' failed: Error during WebSocket handshake: Unexpected response code: 404 @ http://localhost:3199/_next/static/chunks/_486ed77a._.js:1083
[  235195ms] [ERROR] WebSocket connection to 'ws://localhost:8100/ws/notifications?token=dummy-token-for-qa' failed: Error during WebSocket handshake: Unexpected response code: 404 @ http://localhost:3199/_next/static/chunks/_486ed77a._.js:1083
[  240378ms] [ERROR] WebSocket connection to 'ws://localhost:8100/ws/notifications?token=dummy-token-for-qa' failed: Error during WebSocket handshake: Unexpected response code: 404 @ http://localhost:3199/_next/static/chunks/_486ed77a._.js:1083
[  245559ms] [ERROR] WebSocket connection to 'ws://localhost:8100/ws/notifications?token=dummy-token-for-qa' failed: Error during WebSocket handshake: Unexpected response code: 404 @ http://localhost:3199/_next/static/chunks/_486ed77a._.js:1083
[  250748ms] [ERROR] WebSocket connection to 'ws://localhost:8100/ws/notifications?token=dummy-token-for-qa' failed: Error during WebSocket handshake: Unexpected response code: 404 @ http://localhost:3199/_next/static/chunks/_486ed77a._.js:1083
[  255941ms] [ERROR] WebSocket connection to 'ws://localhost:8100/ws/notifications?token=dummy-token-for-qa' failed: Error during WebSocket handshake: Unexpected response code: 404 @ http://localhost:3199/_next/static/chunks/_486ed77a._.js:1083
[  261133ms] [ERROR] WebSocket connection to 'ws://localhost:8100/ws/notifications?token=dummy-token-for-qa' failed: Error during WebSocket handshake: Unexpected response code: 404 @ http://localhost:3199/_next/static/chunks/_486ed77a._.js:1083
[  266368ms] [ERROR] WebSocket connection to 'ws://localhost:8100/ws/notifications?token=dummy-token-for-qa' failed: Error during WebSocket handshake: Unexpected response code: 404 @ http://localhost:3199/_next/static/chunks/_486ed77a._.js:1083
[  271587ms] [ERROR] WebSocket connection to 'ws://localhost:8100/ws/notifications?token=dummy-token-for-qa' failed: Error during WebSocket handshake: Unexpected response code: 404 @ http://localhost:3199/_next/static/chunks/_486ed77a._.js:1083
[  276832ms] [ERROR] WebSocket connection to 'ws://localhost:8100/ws/notifications?token=dummy-token-for-qa' failed: Error during WebSocket handshake: Unexpected response code: 404 @ http://localhost:3199/_next/static/chunks/_486ed77a._.js:1083
